[debug] [2023-03-14T18:50:41.096Z] ----------------------------------------------------------------------
[debug] [2023-03-14T18:50:41.098Z] Command:       C:\Program Files\nodejs\node.exe C:\Users\Morelir\AppData\Roaming\npm\node_modules\firebase-tools\lib\bin\firebase.js init
[debug] [2023-03-14T18:50:41.098Z] CLI Version:   11.8.0
[debug] [2023-03-14T18:50:41.098Z] Platform:      win32
[debug] [2023-03-14T18:50:41.098Z] Node Version:  v16.13.1
[debug] [2023-03-14T18:50:41.099Z] Time:          Tue Mar 14 2023 20:50:41 GMT+0200 (Israel Standard Time)
[debug] [2023-03-14T18:50:41.099Z] ----------------------------------------------------------------------
[debug] 
[debug] [2023-03-14T18:50:41.191Z] > command requires scopes: ["email","openid","https://www.googleapis.com/auth/cloudplatformprojects.readonly","https://www.googleapis.com/auth/firebase","https://www.googleapis.com/auth/cloud-platform"]
[debug] [2023-03-14T18:50:41.192Z] > authorizing via signed-in user (morelir1996@gmail.com)
[info] 
     ######## #### ########  ######## ########     ###     ######  ########
     ##        ##  ##     ## ##       ##     ##  ##   ##  ##       ##
     ######    ##  ########  ######   ########  #########  ######  ######
     ##        ##  ##    ##  ##       ##     ## ##     ##       ## ##
     ##       #### ##     ## ######## ########  ##     ##  ######  ########

You're about to initialize a Firebase project in this directory:

  C:\Users\Morelir\Downloads\GitHub Projects\Portfolio\client

Before we get started, keep in mind:

  * You are initializing within an existing Firebase project directory

